[debug] [2026-06-22T12:57:03.072Z] ----------------------------------------------------------------------
[debug] [2026-06-22T12:57:03.074Z] Command:       /home/bryan/.nvm/versions/node/v20.18.2/bin/node /home/bryan/android/SwishStreak/node_modules/.bin/firebase projects:create swishstreak-pecjo --display-name Swish Streak
[debug] [2026-06-22T12:57:03.074Z] CLI Version:   14.27.0
[debug] [2026-06-22T12:57:03.074Z] Platform:      linux
[debug] [2026-06-22T12:57:03.074Z] Node Version:  v20.18.2
[debug] [2026-06-22T12:57:03.074Z] Time:          Mon Jun 22 2026 20:57:03 GMT+0800 (Singapore Standard Time)
[debug] [2026-06-22T12:57:03.074Z] ----------------------------------------------------------------------
[debug] 
[debug] [2026-06-22T12:57:03.206Z] > command requires scopes: ["email","openid","https://www.googleapis.com/auth/cloudplatformprojects.readonly","https://www.googleapis.com/auth/firebase","https://www.googleapis.com/auth/cloud-platform"]
[debug] [2026-06-22T12:57:03.206Z] > authorizing via signed-in user (bryan@pecjo.com)
[debug] [2026-06-22T12:57:03.210Z] Checked if tokens are valid: true, expires at: 1782136609149
[debug] [2026-06-22T12:57:03.210Z] Checked if tokens are valid: true, expires at: 1782136609149
[debug] [2026-06-22T12:57:03.211Z] >>> [apiv2][query] POST https://cloudresourcemanager.googleapis.com/v1/projects [none]
[debug] [2026-06-22T12:57:03.211Z] >>> [apiv2][body] POST https://cloudresourcemanager.googleapis.com/v1/projects {"projectId":"swishstreak-pecjo","name":"Swish Streak"}
[debug] [2026-06-22T12:57:04.613Z] <<< [apiv2][status] POST https://cloudresourcemanager.googleapis.com/v1/projects 200
[debug] [2026-06-22T12:57:04.613Z] <<< [apiv2][body] POST https://cloudresourcemanager.googleapis.com/v1/projects {"name":"operations/create_project.global.7864832787350757747"}
[debug] [2026-06-22T12:57:04.613Z] Checked if tokens are valid: true, expires at: 1782136609149
[debug] [2026-06-22T12:57:04.613Z] Checked if tokens are valid: true, expires at: 1782136609149
[debug] [2026-06-22T12:57:04.614Z] >>> [apiv2][query] GET https://cloudresourcemanager.googleapis.com/v1/operations/create_project.global.7864832787350757747 [none]
[debug] [2026-06-22T12:57:05.534Z] <<< [apiv2][status] GET https://cloudresourcemanager.googleapis.com/v1/operations/create_project.global.7864832787350757747 200
[debug] [2026-06-22T12:57:05.535Z] <<< [apiv2][body] GET https://cloudresourcemanager.googleapis.com/v1/operations/create_project.global.7864832787350757747 {"name":"operations/create_project.global.7864832787350757747","metadata":{"@type":"type.googleapis.com/google.cloudresourcemanager.v1.ProjectCreationStatus","ready":true},"done":true,"error":{"code":9,"message":"Callers must accept Terms of Service","details":[{"@type":"type.googleapis.com/google.rpc.PreconditionFailure","violations":[{"type":"TOS","subject":"cloud","description":"Callers must accept Terms of Service"}]}]}}
[debug] [2026-06-22T12:57:05.536Z] FirebaseError: Callers must accept Terms of Service
    at OperationPoller.poll (/home/bryan/android/SwishStreak/node_modules/firebase-tools/lib/operation-poller.js:24:19)
    at process.processTicksAndRejections (node:internal/process/task_queues:95:5)
    at async createCloudProject (/home/bryan/android/SwishStreak/node_modules/firebase-tools/lib/management/projects.js:227:29)
    at async createFirebaseProjectAndLog (/home/bryan/android/SwishStreak/node_modules/firebase-tools/lib/management/projects.js:87:9)
[error] 
[error] Error: Failed to create project. See firebase-debug.log for more info.
